{
  "RSpec": {
    "coverage": {
      "/Users/christiancuartas/Desktop/dpl_fall19/cars_fall19/app/models/application_record.rb": [
        1,
        1,
        null
      ],
      "/Users/christiancuartas/Desktop/dpl_fall19/cars_fall19/app/models/car.rb": [
        1,
        null,
        null,
        null,
        null,
        null,
        1,
        null,
        null,
        1,
        1,
        null,
        null,
        null,
        1,
        null,
        1,
        null,
        null,
        null,
        null,
        null,
        1,
        2,
        null,
        null,
        null,
        1,
        1,
        null,
        null,
        null,
        1,
        1,
        null,
        null,
        null,
        1,
        1,
        null,
        null,
        null
      ]
    },
    "timestamp": 1568166447
  }
}
